<?xml version="1.0" encoding="UTF-8"?>
<!-- Generated by org.testng.reporters.JUnitReportReporter -->
<testsuite hostname="itm302689.thewarehousegroup.net" name="com.mobile.runners.Scenario1_MiddleWare_Parent_Category_Verification" tests="1" failures="0" timestamp="2 Sep 2019 04:11:04 GMT" time="13.742" errors="0">
  <testcase name="runCuke" time="13.742" classname="com.mobile.runners.Scenario1_MiddleWare_Parent_Category_Verification"/>
</testsuite> <!-- com.mobile.runners.Scenario1_MiddleWare_Parent_Category_Verification -->
